2018-07-25 01:47:14.796 [main] DEBUG c.hyz.o2o.dao.ProductImgDao.batchInsertProductImg - ==>  Preparing: INSERT INTO tb_product_img(img_addr,img_desc,priority, create_time,product_id) VALUES ( ?, ?, ?, ?, ? ) , ( ?, ?, ?, ?, ? ) 
2018-07-25 01:47:14.839 [main] DEBUG c.hyz.o2o.dao.ProductImgDao.batchInsertProductImg - ==> Parameters: 图片1(String), 测试图片1(String), 1(Integer), 2018-07-25 01:47:14.301(Timestamp), 2(Long), 图片2(String), 测试图片2(String), 1(Integer), 2018-07-25 01:47:14.301(Timestamp), 2(Long)
2018-07-25 01:47:14.866 [main] DEBUG c.hyz.o2o.dao.ProductImgDao.batchInsertProductImg - <==    Updates: 2
2018-07-25 01:47:14.889 [main] DEBUG com.hyz.o2o.dao.ProductDao.queryProductById - ==>  Preparing: SELECT p.product_id, p.product_name, p.product_desc, p.img_addr, p.normal_price, p.promotion_price, p.priority, p.create_time, p.last_edit_time, p.enable_status, p.product_category_id, p.shop_id, pm.product_img_id, pm.img_addr AS detail_img, pm.img_desc, pm.priority, pm.create_time FROM tb_product p LEFT JOIN tb_product_img pm ON p.product_id = pm.product_id WHERE p.product_id = ? ORDER BY pm.priority DESC 
2018-07-25 01:47:14.890 [main] DEBUG com.hyz.o2o.dao.ProductDao.queryProductById - ==> Parameters: 2(Long)
2018-07-25 01:47:14.914 [main] DEBUG com.hyz.o2o.dao.ProductDao.queryProductById - <==      Total: 2
2018-07-25 01:47:14.922 [main] DEBUG c.h.o.d.ProductImgDao.deleteProductImgByProductId - ==>  Preparing: DELETE FROM tb_product_img WHERE product_id=? 
2018-07-25 01:47:14.923 [main] DEBUG c.h.o.d.ProductImgDao.deleteProductImgByProductId - ==> Parameters: 2(Long)
2018-07-25 01:47:14.937 [main] DEBUG c.h.o.d.ProductImgDao.deleteProductImgByProductId - <==    Updates: 2
2018-07-25 01:51:14.115 [main] DEBUG c.hyz.o2o.dao.ProductImgDao.batchInsertProductImg - ==>  Preparing: INSERT INTO tb_product_img(img_addr,img_desc,priority, create_time,product_id) VALUES ( ?, ?, ?, ?, ? ) , ( ?, ?, ?, ?, ? ) 
2018-07-25 01:51:14.163 [main] DEBUG c.hyz.o2o.dao.ProductImgDao.batchInsertProductImg - ==> Parameters: 图片1(String), 测试图片1(String), 1(Integer), 2018-07-25 01:51:13.635(Timestamp), 2(Long), 图片2(String), 测试图片2(String), 1(Integer), 2018-07-25 01:51:13.635(Timestamp), 2(Long)
2018-07-25 01:51:14.177 [main] DEBUG c.hyz.o2o.dao.ProductImgDao.batchInsertProductImg - <==    Updates: 2
2018-07-25 01:51:14.197 [main] DEBUG com.hyz.o2o.dao.ProductDao.queryProductById - ==>  Preparing: SELECT p.product_id, p.product_name, p.product_desc, p.img_addr, p.normal_price, p.promotion_price, p.priority, p.create_time, p.last_edit_time, p.enable_status, p.product_category_id, p.shop_id, pm.product_img_id, pm.img_addr AS detail_img, pm.img_desc, pm.priority, pm.create_time FROM tb_product p LEFT JOIN tb_product_img pm ON p.product_id = pm.product_id WHERE p.product_id = ? ORDER BY pm.priority DESC 
2018-07-25 01:51:14.198 [main] DEBUG com.hyz.o2o.dao.ProductDao.queryProductById - ==> Parameters: 2(Long)
2018-07-25 01:51:14.218 [main] DEBUG com.hyz.o2o.dao.ProductDao.queryProductById - <==      Total: 2
2018-07-25 01:51:14.229 [main] DEBUG c.h.o.d.ProductImgDao.deleteProductImgByProductId - ==>  Preparing: DELETE FROM tb_product_img WHERE product_id=? 
2018-07-25 01:51:14.229 [main] DEBUG c.h.o.d.ProductImgDao.deleteProductImgByProductId - ==> Parameters: 2(Long)
2018-07-25 01:51:14.239 [main] DEBUG c.h.o.d.ProductImgDao.deleteProductImgByProductId - <==    Updates: 2
2018-07-25 01:51:14.255 [main] DEBUG com.hyz.o2o.dao.ProductDao.updateProduct - ==>  Preparing: UPDATE tb_product SET product_name=?, product_category_id=? WHERE product_id = ? AND shop_id=? 
2018-07-25 01:51:14.256 [main] DEBUG com.hyz.o2o.dao.ProductDao.updateProduct - ==> Parameters: 第一个产品(String), 2(Long), 1(Long), 20(Long)
2018-07-25 01:51:14.257 [main] DEBUG com.hyz.o2o.dao.ProductDao.updateProduct - <==    Updates: 0
2018-07-25 10:07:12.320 [main] DEBUG com.hyz.o2o.util.ImageUtil - current relativeAddr is:/upload/item/shop/20/2018072510071271631.jpg
2018-07-25 10:07:12.325 [main] DEBUG com.hyz.o2o.util.ImageUtil - current completeAddr is:/Users/yogi/Document/image/upload/item/shop/20/2018072510071271631.jpg
2018-07-25 10:07:12.854 [main] DEBUG com.hyz.o2o.dao.ProductDao.insertProduct - ==>  Preparing: INSERT INTO tb_product(product_name,product_desc,img_addr,normal_price,promotion_price, priority,create_time,last_edit_time,enable_status, product_category_id,shop_id) VALUES (?,?,?,?, ?,?,?,?, ?,?,? ) 
2018-07-25 10:07:12.920 [main] DEBUG com.hyz.o2o.dao.ProductDao.insertProduct - ==> Parameters: 测试商品1(String), 测试商品1(String), /upload/item/shop/20/2018072510071271631.jpg(String), null, null, 20(Integer), 2018-07-25 10:07:12.314(Timestamp), 2018-07-25 10:07:12.314(Timestamp), 1(Integer), 2(Long), 20(Long)
2018-07-25 10:07:12.924 [main] DEBUG com.hyz.o2o.dao.ProductDao.insertProduct - <==    Updates: 1
2018-07-25 10:07:12.957 [main] DEBUG com.hyz.o2o.util.ImageUtil - current relativeAddr is:/upload/item/shop/20/2018072510071212238.jpg
2018-07-25 10:07:12.957 [main] DEBUG com.hyz.o2o.util.ImageUtil - current completeAddr is:/Users/yogi/Document/image/upload/item/shop/20/2018072510071212238.jpg
2018-07-25 10:07:13.079 [main] DEBUG com.hyz.o2o.util.ImageUtil - current relativeAddr is:/upload/item/shop/20/2018072510071389097.jpg
2018-07-25 10:07:13.083 [main] DEBUG com.hyz.o2o.util.ImageUtil - current completeAddr is:/Users/yogi/Document/image/upload/item/shop/20/2018072510071389097.jpg
2018-07-25 10:07:13.377 [main] DEBUG c.hyz.o2o.dao.ProductImgDao.batchInsertProductImg - ==>  Preparing: INSERT INTO tb_product_img(img_addr,img_desc,priority, create_time,product_id) VALUES ( ?, ?, ?, ?, ? ) , ( ?, ?, ?, ?, ? ) 
2018-07-25 10:07:13.378 [main] DEBUG c.hyz.o2o.dao.ProductImgDao.batchInsertProductImg - ==> Parameters: /upload/item/shop/20/2018072510071212238.jpg(String), null, null, 2018-07-25 10:07:13.079(Timestamp), 7(Long), /upload/item/shop/20/2018072510071389097.jpg(String), null, null, 2018-07-25 10:07:13.349(Timestamp), 7(Long)
2018-07-25 10:07:13.380 [main] DEBUG c.hyz.o2o.dao.ProductImgDao.batchInsertProductImg - <==    Updates: 2
2018-07-25 10:07:55.369 [main] DEBUG com.hyz.o2o.dao.ProductDao.queryProductById - ==>  Preparing: SELECT p.product_id, p.product_name, p.product_desc, p.img_addr, p.normal_price, p.promotion_price, p.priority, p.create_time, p.last_edit_time, p.enable_status, p.product_category_id, p.shop_id, pm.product_img_id, pm.img_addr AS detail_img, pm.img_desc, pm.priority, pm.create_time FROM tb_product p LEFT JOIN tb_product_img pm ON p.product_id = pm.product_id WHERE p.product_id = ? ORDER BY pm.priority DESC 
2018-07-25 10:07:55.413 [main] DEBUG com.hyz.o2o.dao.ProductDao.queryProductById - ==> Parameters: 7(Long)
2018-07-25 10:07:55.456 [main] DEBUG com.hyz.o2o.dao.ProductDao.queryProductById - <==      Total: 2
2018-07-25 10:07:55.468 [main] DEBUG com.hyz.o2o.util.ImageUtil - current relativeAddr is:/upload/item/shop/20/2018072510075584728.jpg
2018-07-25 10:07:55.468 [main] DEBUG com.hyz.o2o.util.ImageUtil - current completeAddr is:/Users/yogi/Document/image/upload/item/shop/20/2018072510075584728.jpg
2018-07-25 10:07:56.167 [main] DEBUG com.hyz.o2o.dao.ProductImgDao.queryProductImgList - ==>  Preparing: SELECT* FROM tb_product_img WHERE product_id=? ORDER BY priority DESC 
2018-07-25 10:07:56.168 [main] DEBUG com.hyz.o2o.dao.ProductImgDao.queryProductImgList - ==> Parameters: 7(Long)
2018-07-25 10:07:56.172 [main] DEBUG com.hyz.o2o.dao.ProductImgDao.queryProductImgList - <==      Total: 2
2018-07-25 10:07:56.173 [main] DEBUG c.h.o.d.ProductImgDao.deleteProductImgByProductId - ==>  Preparing: DELETE FROM tb_product_img WHERE product_id=? 
2018-07-25 10:07:56.173 [main] DEBUG c.h.o.d.ProductImgDao.deleteProductImgByProductId - ==> Parameters: 7(Long)
2018-07-25 10:07:56.214 [main] DEBUG c.h.o.d.ProductImgDao.deleteProductImgByProductId - <==    Updates: 2
2018-07-25 10:07:56.215 [main] DEBUG com.hyz.o2o.util.ImageUtil - current relativeAddr is:/upload/item/shop/20/2018072510075697353.jpg
2018-07-25 10:07:56.215 [main] DEBUG com.hyz.o2o.util.ImageUtil - current completeAddr is:/Users/yogi/Document/image/upload/item/shop/20/2018072510075697353.jpg
2018-07-25 10:07:56.298 [main] DEBUG com.hyz.o2o.util.ImageUtil - current relativeAddr is:/upload/item/shop/20/2018072510075644507.jpg
2018-07-25 10:07:56.299 [main] DEBUG com.hyz.o2o.util.ImageUtil - current completeAddr is:/Users/yogi/Document/image/upload/item/shop/20/2018072510075644507.jpg
2018-07-25 10:07:56.565 [main] DEBUG c.hyz.o2o.dao.ProductImgDao.batchInsertProductImg - ==>  Preparing: INSERT INTO tb_product_img(img_addr,img_desc,priority, create_time,product_id) VALUES ( ?, ?, ?, ?, ? ) , ( ?, ?, ?, ?, ? ) 
2018-07-25 10:07:56.569 [main] DEBUG c.hyz.o2o.dao.ProductImgDao.batchInsertProductImg - ==> Parameters: /upload/item/shop/20/2018072510075697353.jpg(String), null, null, 2018-07-25 10:07:56.298(Timestamp), 7(Long), /upload/item/shop/20/2018072510075644507.jpg(String), null, null, 2018-07-25 10:07:56.532(Timestamp), 7(Long)
2018-07-25 10:07:56.578 [main] DEBUG c.hyz.o2o.dao.ProductImgDao.batchInsertProductImg - <==    Updates: 2
2018-07-25 10:07:56.591 [main] DEBUG com.hyz.o2o.dao.ProductDao.updateProduct - ==>  Preparing: UPDATE tb_product SET product_name=?, product_desc=?, img_addr=?, last_edit_time=?, product_category_id=? WHERE product_id = ? AND shop_id=? 
2018-07-25 10:07:56.593 [main] DEBUG com.hyz.o2o.dao.ProductDao.updateProduct - ==> Parameters: 正式商品(String), 正式商品(String), /upload/item/shop/20/2018072510075584728.jpg(String), 2018-07-25 10:07:54.898(Timestamp), 2(Long), 7(Long), 20(Long)
2018-07-25 10:07:56.596 [main] DEBUG com.hyz.o2o.dao.ProductDao.updateProduct - <==    Updates: 1
