2018-07-14 17:11:28.954 [main] ERROR com.hyz.o2o.web.superadmin.AreaController - org.springframework.jdbc.BadSqlGrammarException: 
### Error updating database.  Cause: java.sql.SQLException: Column count doesn't match value count at row 1
### The error may involve defaultParameterMap
### The error occurred while setting parameters
### SQL: INSERT INTO   tb_shop(owner_id, area_id,   shop_category_id, shop_name, shop_desc,   shop_addr, phone, shop_img,   priority,   create_time, last_edit_time, enable_status, advice)   VALUES   (?, ?, ?,   ?, ?   ?, ?, ?,   ?,   ?, ?, ?,   ?);
### Cause: java.sql.SQLException: Column count doesn't match value count at row 1
; bad SQL grammar []; nested exception is java.sql.SQLException: Column count doesn't match value count at row 1
2018-07-14 17:22:41.661 [main] ERROR com.hyz.o2o.web.superadmin.AreaController - org.springframework.jdbc.BadSqlGrammarException: 
### Error updating database.  Cause: java.sql.SQLException: Column count doesn't match value count at row 1
### The error may involve defaultParameterMap
### The error occurred while setting parameters
### SQL: INSERT INTO   tb_shop(owner_id, area_id,   shop_category_id, shop_name, shop_desc,   shop_addr, phone, shop_img,   priority,   create_time, last_edit_time, enable_status, advice)   VALUES   (?, ?, ?,   ?, ?   ?, ?, ?,   ?,   ?, ?, ?,   ?);
### Cause: java.sql.SQLException: Column count doesn't match value count at row 1
; bad SQL grammar []; nested exception is java.sql.SQLException: Column count doesn't match value count at row 1
2018-07-14 20:18:53.575 [main] ERROR com.hyz.o2o.web.superadmin.AreaController - org.springframework.jdbc.BadSqlGrammarException: 
### Error updating database.  Cause: java.sql.SQLException: Column count doesn't match value count at row 1
### The error may involve defaultParameterMap
### The error occurred while setting parameters
### SQL: INSERT INTO   tb_shop(owner_id, area_id,   shop_category_id, shop_name, shop_desc,   shop_addr, phone, shop_img,   priority,   create_time, last_edit_time, enable_status, advice)   VALUES   (?, ?, ?,   ?, ?   ?, ?, ?,   ?,   ?, ?, ?,   ?)
### Cause: java.sql.SQLException: Column count doesn't match value count at row 1
; bad SQL grammar []; nested exception is java.sql.SQLException: Column count doesn't match value count at row 1
2018-07-14 20:57:56.618 [main] ERROR com.hyz.o2o.web.superadmin.AreaController - org.springframework.jdbc.BadSqlGrammarException: 
### Error updating database.  Cause: java.sql.SQLSyntaxErrorException: You have an error in your SQL syntax; check the manual that corresponds to your MySQL server version for the right syntax to use near '' at line 13
### The error may involve defaultParameterMap
### The error occurred while setting parameters
### SQL: INSERT INTO   tb_shop(owner_id, area_id,   shop_category_id, shop_name, shop_desc,   shop_addr, phone, shop_img,   priority,   create_time, last_edit_time, enable_status, advice)   VALUES   (?, ?, ?,   ?, ?   ?, ?, ?,   ?,   ?, ?, ?,   ?
### Cause: java.sql.SQLSyntaxErrorException: You have an error in your SQL syntax; check the manual that corresponds to your MySQL server version for the right syntax to use near '' at line 13
; bad SQL grammar []; nested exception is java.sql.SQLSyntaxErrorException: You have an error in your SQL syntax; check the manual that corresponds to your MySQL server version for the right syntax to use near '' at line 13
2018-07-14 21:01:10.146 [main] ERROR com.hyz.o2o.web.superadmin.AreaController - org.springframework.jdbc.BadSqlGrammarException: 
### Error updating database.  Cause: java.sql.SQLSyntaxErrorException: You have an error in your SQL syntax; check the manual that corresponds to your MySQL server version for the right syntax to use near '' at line 13
### The error may involve defaultParameterMap
### The error occurred while setting parameters
### SQL: INSERT INTO   tb_shop(owner_id, area_id,   shop_category_id, shop_name, shop_desc,   shop_addr, phone, shop_img,   priority,   create_time, last_edit_time, enable_status, advice)   VALUES   (?, ?, ?,   ?, ?,   ?, ?, ?,   ?,   ?, ?, ?,   ?
### Cause: java.sql.SQLSyntaxErrorException: You have an error in your SQL syntax; check the manual that corresponds to your MySQL server version for the right syntax to use near '' at line 13
; bad SQL grammar []; nested exception is java.sql.SQLSyntaxErrorException: You have an error in your SQL syntax; check the manual that corresponds to your MySQL server version for the right syntax to use near '' at line 13
